<?xml version="1.0" encoding="UTF-8"?>
<!-- Generated by org.testng.reporters.JUnitXMLReporter -->
<testsuite ignored="1" hostname="DESKTOP-EKADENH" failures="0" tests="2" name="Default test" time="24.125" errors="0" timestamp="2024-07-23T21:11:53 IST">
  <testcase classname="com.sevenrmartsupermarket.tests.AdminTest" name="userCreate" time="4.285"/>
  <testcase classname="com.sevenrmartsupermarket.tests.AdminTest" name="userCreate" time="4.776"/>
  <testcase classname="com.sevenrmartsupermarket.tests.AdminTest" name="verifyAdminpage" time="0.0">
    <ignored/>
  </testcase> <!-- verifyAdminpage -->
</testsuite> <!-- Default test -->
