<?xml version="1.0" encoding="UTF-8"?>
<!-- Generated by org.testng.reporters.JUnitXMLReporter -->
<testsuite ignored="0" hostname="DESKTOP-EKADENH" failures="0" tests="3" name="Accessibility 2" time="11.113" errors="0" timestamp="2024-07-24T20:37:04 IST">
  <testcase classname="com.sevenrmartsupermarket.tests.LoginTest" name="verifyData" time="0.0">
    <skipped/>
  </testcase> <!-- verifyData -->
  <testcase classname="com.sevenrmartsupermarket.tests.LoginTest" name="verifyLogin" time="0.0">
    <skipped/>
  </testcase> <!-- verifyLogin -->
  <testcase classname="com.sevenrmartsupermarket.tests.LoginTest" name="verifyLogin_Excel" time="0.0">
    <skipped/>
  </testcase> <!-- verifyLogin_Excel -->
</testsuite> <!-- Accessibility 2 -->
