<?xml version="1.0" encoding="UTF-8"?>
<!-- Generated by org.testng.reporters.JUnitXMLReporter -->
<testsuite ignored="0" hostname="DESKTOP-EKADENH" failures="0" tests="3" name="Executing in chrome" time="79.579" errors="0" timestamp="2024-07-17T20:21:02 IST">
  <testcase classname="com.sevenrmartsupermarket.tests.LoginTest" name="verifyData" time="6.143"/>
  <testcase classname="com.sevenrmartsupermarket.tests.LoginTest" name="verifyLogin" time="4.829"/>
  <testcase classname="com.sevenrmartsupermarket.tests.LoginTest" name="verifyLogin_Excel" time="1.56"/>
</testsuite> <!-- Executing in chrome -->
