<?xml version="1.0" encoding="UTF-8"?>
<!-- Generated by org.testng.reporters.JUnitXMLReporter -->
<testsuite ignored="2" hostname="DESKTOP-EKADENH" failures="0" tests="1" name=" executing groups" time="9.387" errors="0" timestamp="2024-07-22T20:49:17 IST">
  <testcase classname="com.sevenrmartsupermarket.tests.LoginTest" name="verifyData" time="1.458"/>
  <testcase classname="com.sevenrmartsupermarket.tests.LoginTest" name="verifyLogin_Excel" time="0.0">
    <ignored/>
  </testcase> <!-- verifyLogin_Excel -->
  <testcase classname="com.sevenrmartsupermarket.tests.LoginTest" name="verifyLogin" time="0.0">
    <ignored/>
  </testcase> <!-- verifyLogin -->
</testsuite> <!--  executing groups -->
