<?xml version="1.0" encoding="UTF-8"?>
<!-- Generated by org.testng.reporters.JUnitXMLReporter -->
<testsuite ignored="0" hostname="DESKTOP-EKADENH" failures="0" tests="3" name="Executing in chrome" time="39.382" errors="0" timestamp="2024-07-22T20:30:58 IST">
  <testcase classname="com.sevenrmartsupermarket.tests.LoginTest" name="verifyData" time="1.347"/>
  <testcase classname="com.sevenrmartsupermarket.tests.LoginTest" name="verifyLogin" time="2.824"/>
  <testcase classname="com.sevenrmartsupermarket.tests.LoginTest" name="verifyLogin_Excel" time="2.944"/>
</testsuite> <!-- Executing in chrome -->
